#
# There is insufficient memory for the Java Runtime Environment to continue.
# Native memory allocation (malloc) failed to allocate 2266576 bytes for Chunk::new
# Possible reasons:
#   The system is out of physical RAM or swap space
#   In 32 bit mode, the process size limit was hit
# Possible solutions:
#   Reduce memory load on the system
#   Increase physical memory or swap space
#   Check if swap backing store is full
#   Use 64 bit Java on a 64 bit OS
#   Decrease Java heap size (-Xmx/-Xms)
#   Decrease number of Java threads
#   Decrease Java thread stack sizes (-Xss)
#   Set larger code cache with -XX:ReservedCodeCacheSize=
# This output file may be truncated or incomplete.
#
#  Out of Memory Error (allocation.cpp:390), pid=8848, tid=0x0000000000000130
#
# JRE version: Java(TM) SE Runtime Environment (8.0_144-b01) (build 1.8.0_144-b01)
# Java VM: Java HotSpot(TM) 64-Bit Server VM (25.144-b01 mixed mode windows-amd64 compressed oops)
# Failed to write core dump. Minidumps are not enabled by default on client versions of Windows
#

---------------  T H R E A D  ---------------

Current thread (0x0000000014d51800):  JavaThread "C2 CompilerThread0" daemon [_thread_in_native, id=304, stack(0x00000000163b0000,0x00000000164b0000)]

Stack: [0x00000000163b0000,0x00000000164b0000]
[error occurred during error reporting (printing stack bounds), id 0xc0000005]

Native frames: (J=compiled Java code, j=interpreted, Vv=VM code, C=native code)


Current CompileTask:
C2:   7059 2892       4       java.net.URLClassLoader$1::run (5 bytes)


---------------  P R O C E S S  ---------------

Java Threads: ( => current thread )
  0x000000001b993000 
[error occurred during error reporting (printing all threads), id 0xc0000005]

VM state:at safepoint (normal execution)

VM Mutex/Monitor currently owned by a thread:  ([mutex/lock_event])
[0x000000000087d730] Threads_lock - owner thread: 0x0000000014d17800
[0x000000000087d9b0] Heap_lock - owner thread: 0x0000000017b5a000

Heap:
 PSYoungGen      total 38400K, used 784K [0x00000000eab00000, 0x00000000ed580000, 0x0000000100000000)
  eden space 33280K, 0% used [0x00000000eab00000,0x00000000eab00000,0x00000000ecb80000)
  from space 5120K, 15% used [0x00000000ecb80000,0x00000000ecc44128,0x00000000ed080000)
  to   space 5120K, 0% used [0x00000000ed080000,0x00000000ed080000,0x00000000ed580000)
 ParOldGen       total 60928K, used 17128K [0x00000000c0000000, 0x00000000c3b80000, 0x00000000eab00000)
  object space 60928K, 28% used [0x00000000c0000000,0x00000000c10ba030,0x00000000c3b80000)
 Metaspace       used 34779K, capacity 35298K, committed 35496K, reserved 1079296K
  class space    used 4895K, capacity 5141K, committed 5168K, reserved 1048576K

Card table byte_map: [0x0000000011a40000,0x0000000011c50000] byte_map_base: 0x0000000011440000

Marking Bits: (ParMarkBitMap*) 0x00000000541dd850
 Begin Bits: [0x00000000121b0000, 0x00000000131b0000)
 End Bits:   [0x00000000131b0000, 0x00000000141b0000)

Polling page: 0x00000000003f0000

CodeCache: size=245760Kb used=10215Kb max_used=10277Kb free=235544Kb
 bounds [0x0000000002680000, 0x00000000030a0000, 0x0000000011680000]
 total_blobs=3529 nmethods=2820 adapters=621
 compilation: enabled

Compilation events (10 events):
Event: 6.897 Thread 0x0000000014d5f800 3028       3       java.util.concurrent.atomic.AtomicReferenceArray::<init> (13 bytes)
Event: 6.898 Thread 0x0000000014d5f800 nmethod 3028 0x0000000003077e50 code [0x0000000003077fc0, 0x0000000003078210]
Event: 6.916 Thread 0x0000000014d53800 nmethod 3026 0x000000000308eb10 code [0x000000000308ed40, 0x0000000003090b08]
Event: 6.916 Thread 0x0000000014d53800 3029   !   4       java.lang.ref.Reference::tryHandlePending (115 bytes)
Event: 6.922 Thread 0x0000000014d53800 nmethod 3029 0x000000000308bbd0 code [0x000000000308bd80, 0x000000000308c6c8]
Event: 6.922 Thread 0x0000000014d53800 3027       4       com.google.common.collect.MapMakerInternalMap::segmentFor (17 bytes)
Event: 6.923 Thread 0x0000000014d53800 nmethod 3027 0x0000000002802050 code [0x0000000002802180, 0x0000000002802218]
Event: 6.928 Thread 0x0000000014d53800 3030  s    4       java.util.jar.JarFile::getInputStream (89 bytes)
Event: 6.941 Thread 0x0000000014d53800 nmethod 3030 0x000000000282b990 code [0x000000000282bb40, 0x000000000282c440]
Event: 6.960 Thread 0x0000000014d53800 3031       4       java.lang.ClassLoader::defineClass (43 bytes)

GC Heap History (10 events):
Event: 5.310 GC heap after
Heap after GC invocations=8 (full 1):
 PSYoungGen      total 38400K, used 5099K [0x00000000eab00000, 0x00000000ed580000, 0x0000000100000000)
  eden space 33280K, 0% used [0x00000000eab00000,0x00000000eab00000,0x00000000ecb80000)
  from space 5120K, 99% used [0x00000000ecb80000,0x00000000ed07af28,0x00000000ed080000)
  to   space 5120K, 0% used [0x00000000ed080000,0x00000000ed080000,0x00000000ed580000)
 ParOldGen       total 60928K, used 9018K [0x00000000c0000000, 0x00000000c3b80000, 0x00000000eab00000)
  object space 60928K, 14% used [0x00000000c0000000,0x00000000c08ce970,0x00000000c3b80000)
 Metaspace       used 26626K, capacity 27030K, committed 27184K, reserved 1073152K
  class space    used 3705K, capacity 3856K, committed 3888K, reserved 1048576K
}
Event: 5.747 GC heap before
{Heap before GC invocations=9 (full 1):
 PSYoungGen      total 38400K, used 38379K [0x00000000eab00000, 0x00000000ed580000, 0x0000000100000000)
  eden space 33280K, 100% used [0x00000000eab00000,0x00000000ecb80000,0x00000000ecb80000)
  from space 5120K, 99% used [0x00000000ecb80000,0x00000000ed07af28,0x00000000ed080000)
  to   space 5120K, 0% used [0x00000000ed080000,0x00000000ed080000,0x00000000ed580000)
 ParOldGen       total 60928K, used 9018K [0x00000000c0000000, 0x00000000c3b80000, 0x00000000eab00000)
  object space 60928K, 14% used [0x00000000c0000000,0x00000000c08ce970,0x00000000c3b80000)
 Metaspace       used 28435K, capacity 28860K, committed 29104K, reserved 1075200K
  class space    used 4036K, capacity 4209K, committed 4272K, reserved 1048576K
Event: 5.757 GC heap after
Heap after GC invocations=9 (full 1):
 PSYoungGen      total 38400K, used 5111K [0x00000000eab00000, 0x00000000ed580000, 0x0000000100000000)
  eden space 33280K, 0% used [0x00000000eab00000,0x00000000eab00000,0x00000000ecb80000)
  from space 5120K, 99% used [0x00000000ed080000,0x00000000ed57de50,0x00000000ed580000)
  to   space 5120K, 0% used [0x00000000ecb80000,0x00000000ecb80000,0x00000000ed080000)
 ParOldGen       total 60928K, used 10052K [0x00000000c0000000, 0x00000000c3b80000, 0x00000000eab00000)
  object space 60928K, 16% used [0x00000000c0000000,0x00000000c09d1230,0x00000000c3b80000)
 Metaspace       used 28435K, capacity 28860K, committed 29104K, reserved 1075200K
  class space    used 4036K, capacity 4209K, committed 4272K, reserved 1048576K
}
Event: 6.241 GC heap before
{Heap before GC invocations=10 (full 1):
 PSYoungGen      total 38400K, used 38391K [0x00000000eab00000, 0x00000000ed580000, 0x0000000100000000)
  eden space 33280K, 100% used [0x00000000eab00000,0x00000000ecb80000,0x00000000ecb80000)
  from space 5120K, 99% used [0x00000000ed080000,0x00000000ed57de50,0x00000000ed580000)
  to   space 5120K, 0% used [0x00000000ecb80000,0x00000000ecb80000,0x00000000ed080000)
 ParOldGen       total 60928K, used 10052K [0x00000000c0000000, 0x00000000c3b80000, 0x00000000eab00000)
  object space 60928K, 16% used [0x00000000c0000000,0x00000000c09d1230,0x00000000c3b80000)
 Metaspace       used 30053K, capacity 30530K, committed 30896K, reserved 1075200K
  class space    used 4280K, capacity 4468K, committed 4528K, reserved 1048576K
Event: 6.249 GC heap after
Heap after GC invocations=10 (full 1):
 PSYoungGen      total 38400K, used 5093K [0x00000000eab00000, 0x00000000ed580000, 0x0000000100000000)
  eden space 33280K, 0% used [0x00000000eab00000,0x00000000eab00000,0x00000000ecb80000)
  from space 5120K, 99% used [0x00000000ecb80000,0x00000000ed079558,0x00000000ed080000)
  to   space 5120K, 0% used [0x00000000ed080000,0x00000000ed080000,0x00000000ed580000)
 ParOldGen       total 60928K, used 11804K [0x00000000c0000000, 0x00000000c3b80000, 0x00000000eab00000)
  object space 60928K, 19% used [0x00000000c0000000,0x00000000c0b873e8,0x00000000c3b80000)
 Metaspace       used 30053K, capacity 30530K, committed 30896K, reserved 1075200K
  class space    used 4280K, capacity 4468K, committed 4528K, reserved 1048576K
}
Event: 6.903 GC heap before
{Heap before GC invocations=11 (full 1):
 PSYoungGen      total 38400K, used 38373K [0x00000000eab00000, 0x00000000ed580000, 0x0000000100000000)
  eden space 33280K, 100% used [0x00000000eab00000,0x00000000ecb80000,0x00000000ecb80000)
  from space 5120K, 99% used [0x00000000ecb80000,0x00000000ed079558,0x00000000ed080000)
  to   space 5120K, 0% used [0x00000000ed080000,0x00000000ed080000,0x00000000ed580000)
 ParOldGen       total 60928K, used 11804K [0x00000000c0000000, 0x00000000c3b80000, 0x00000000eab00000)
  object space 60928K, 19% used [0x00000000c0000000,0x00000000c0b873e8,0x00000000c3b80000)
 Metaspace       used 33987K, capacity 34530K, committed 34864K, reserved 1079296K
  class space    used 4818K, capacity 5077K, committed 5168K, reserved 1048576K
Event: 6.913 GC heap after
Heap after GC invocations=11 (full 1):
 PSYoungGen      total 38400K, used 4862K [0x00000000eab00000, 0x00000000ed580000, 0x0000000100000000)
  eden space 33280K, 0% used [0x00000000eab00000,0x00000000eab00000,0x00000000ecb80000)
  from space 5120K, 94% used [0x00000000ed080000,0x00000000ed53fa38,0x00000000ed580000)
  to   space 5120K, 0% used [0x00000000ecb80000,0x00000000ecb80000,0x00000000ed080000)
 ParOldGen       total 60928K, used 14523K [0x00000000c0000000, 0x00000000c3b80000, 0x00000000eab00000)
  object space 60928K, 23% used [0x00000000c0000000,0x00000000c0e2efb8,0x00000000c3b80000)
 Metaspace       used 33987K, capacity 34530K, committed 34864K, reserved 1079296K
  class space    used 4818K, capacity 5077K, committed 5168K, reserved 1048576K
}
Event: 6.980 GC heap before
{Heap before GC invocations=12 (full 1):
 PSYoungGen      total 38400K, used 9950K [0x00000000eab00000, 0x00000000ed580000, 0x0000000100000000)
  eden space 33280K, 15% used [0x00000000eab00000,0x00000000eaff7dd0,0x00000000ecb80000)
  from space 5120K, 94% used [0x00000000ed080000,0x00000000ed53fa38,0x00000000ed580000)
  to   space 5120K, 0% used [0x00000000ecb80000,0x00000000ecb80000,0x00000000ed080000)
 ParOldGen       total 60928K, used 14523K [0x00000000c0000000, 0x00000000c3b80000, 0x00000000eab00000)
  object space 60928K, 23% used [0x00000000c0000000,0x00000000c0e2efb8,0x00000000c3b80000)
 Metaspace       used 34779K, capacity 35298K, committed 35496K, reserved 1079296K
  class space    used 4895K, capacity 5141K, committed 5168K, reserved 1048576K
Event: 6.987 GC heap after
Heap after GC invocations=12 (full 1):
 PSYoungGen      total 38400K, used 784K [0x00000000eab00000, 0x00000000ed580000, 0x0000000100000000)
  eden space 33280K, 0% used [0x00000000eab00000,0x00000000eab00000,0x00000000ecb80000)
  from space 5120K, 15% used [0x00000000ecb80000,0x00000000ecc44128,0x00000000ed080000)
  to   space 5120K, 0% used [0x00000000ed080000,0x00000000ed080000,0x00000000ed580000)
 ParOldGen       total 60928K, used 17128K [0x00000000c0000000, 0x00000000c3b80000, 0x00000000eab00000)
  object space 60928K, 28% used [0x00000000c0000000,0x00000000c10ba030,0x00000000c3b80000)
 Metaspace       used 34779K, capacity 35298K, committed 35496K, reserved 1079296K
  class space    used 4895K, capacity 5141K, committed 5168K, reserved 1048576K
}
Event: 6.987 GC heap before
{Heap before GC invocations=13 (full 2):
 PSYoungGen      total 38400K, used 784K [0x00000000eab00000, 0x00000000ed580000, 0x0000000100000000)
  eden space 33280K, 0% used [0x00000000eab00000,0x00000000eab00000,0x00000000ecb80000)
  from space 5120K, 15% used [0x00000000ecb80000,0x00000000ecc44128,0x00000000ed080000)
  to   space 5120K, 0% used [0x00000000ed080000,0x00000000ed080000,0x00000000ed580000)
 ParOldGen       total 60928K, used 17128K [0x00000000c0000000, 0x00000000c3b80000, 0x00000000eab00000)
  object space 60928K, 28% used [0x00000000c0000000,0x00000000c10ba030,0x00000000c3b80000)
 Metaspace       used 34779K, capacity 35298K, committed 35496K, reserved 1079296K
  class space    used 4895K, capacity 5141K, committed 5168K, reserved 1048576K

Deoptimization events (10 events):
Event: 6.347 Thread 0x0000000017b5a000 Uncommon trap: reason=range_check action=make_not_entrant pc=0x0000000002fb2484 method=java.lang.String.charAt(I)C @ 27
Event: 6.508 Thread 0x0000000017b5a000 Uncommon trap: reason=bimorphic action=maybe_recompile pc=0x0000000002e85ef8 method=java.lang.ClassLoader.getPackage(Ljava/lang/String;)Ljava/lang/Package; @ 47
Event: 6.512 Thread 0x0000000017b5a000 Uncommon trap: reason=bimorphic action=maybe_recompile pc=0x0000000002e85ef8 method=java.lang.ClassLoader.getPackage(Ljava/lang/String;)Ljava/lang/Package; @ 47
Event: 6.515 Thread 0x0000000017b5a000 Uncommon trap: reason=bimorphic action=maybe_recompile pc=0x0000000002e85ef8 method=java.lang.ClassLoader.getPackage(Ljava/lang/String;)Ljava/lang/Package; @ 47
Event: 6.517 Thread 0x0000000017b5a000 Uncommon trap: reason=bimorphic action=maybe_recompile pc=0x0000000002e85ef8 method=java.lang.ClassLoader.getPackage(Ljava/lang/String;)Ljava/lang/Package; @ 47
Event: 6.518 Thread 0x0000000017b5a000 Uncommon trap: reason=bimorphic action=maybe_recompile pc=0x0000000002e532dc method=java.lang.ClassLoader.getPackage(Ljava/lang/String;)Ljava/lang/Package; @ 47
Event: 6.587 Thread 0x0000000017b5a000 Uncommon trap: reason=class_check action=maybe_recompile pc=0x0000000002fce45c method=java.io.BufferedInputStream.read1([BII)I @ 39
Event: 6.587 Thread 0x0000000017b5a000 Uncommon trap: reason=class_check action=maybe_recompile pc=0x0000000002fce45c method=java.io.BufferedInputStream.read1([BII)I @ 39
Event: 6.587 Thread 0x0000000017b5a000 Uncommon trap: reason=class_check action=maybe_recompile pc=0x0000000002fce45c method=java.io.BufferedInputStream.read1([BII)I @ 39
Event: 6.592 Thread 0x0000000017b5a000 Uncommon trap: reason=unstable_if action=reinterpret pc=0x0000000002f39750 method=java.util.regex.Pattern.has(I)Z @ 6

Internal exceptions (10 events):
Event: 6.440 Thread 0x0000000017b5a000 Exception <a 'java/lang/ClassNotFoundException': org/gradle/api/internal/artifacts/repositories/AbstractResolutionAwareArtifactRepositoryCustomizer> (0x00000000eb691c90) thrown at [C:\re\workspace\8-2-build-windows-amd64-cygwin\jdk8u144\9417\hotspot\src\s
Event: 6.448 Thread 0x0000000017b5a000 Exception <a 'java/lang/ClassNotFoundException': org/gradle/api/internal/artifacts/repositories/AbstractAuthenticationSupportedRepositoryCustomizer> (0x00000000eb714340) thrown at [C:\re\workspace\8-2-build-windows-amd64-cygwin\jdk8u144\9417\hotspot\src\s
Event: 6.451 Thread 0x0000000017b5a000 Exception <a 'java/lang/ClassNotFoundException': org/gradle/api/internal/artifacts/repositories/DefaultMavenArtifactRepositoryCustomizer> (0x00000000eb78d0b8) thrown at [C:\re\workspace\8-2-build-windows-amd64-cygwin\jdk8u144\9417\hotspot\src\share\vm\cla
Event: 6.455 Thread 0x0000000017b5a000 Exception <a 'java/lang/ClassNotFoundException': org/gradle/api/internal/artifacts/repositories/DefaultMavenArtifactRepository_DecoratedCustomizer> (0x00000000eb8102b0) thrown at [C:\re\workspace\8-2-build-windows-amd64-cygwin\jdk8u144\9417\hotspot\src\sh
Event: 6.461 Thread 0x0000000017b5a000 Exception <a 'java/lang/ClassNotFoundException': org/codehaus/groovy/runtime/GStringImplBeanInfo> (0x00000000eb8e4a00) thrown at [C:\re\workspace\8-2-build-windows-amd64-cygwin\jdk8u144\9417\hotspot\src\share\vm\classfile\systemDictionary.cpp, line 210]
Event: 6.463 Thread 0x0000000017b5a000 Exception <a 'java/lang/ClassNotFoundException': org/codehaus/groovy/runtime/GStringImplCustomizer> (0x00000000eb93b398) thrown at [C:\re\workspace\8-2-build-windows-amd64-cygwin\jdk8u144\9417\hotspot\src\share\vm\classfile\systemDictionary.cpp, line 210]
Event: 6.495 Thread 0x0000000017b5a000 Exception <a 'java/lang/ClassNotFoundException': build_5ncnb59wpirow8knd2hqu5uskBeanInfo> (0x00000000eba1efd0) thrown at [C:\re\workspace\8-2-build-windows-amd64-cygwin\jdk8u144\9417\hotspot\src\share\vm\classfile\systemDictionary.cpp, line 210]
Event: 6.495 Thread 0x0000000017b5a000 Exception <a 'java/lang/ClassNotFoundException': build_5ncnb59wpirow8knd2hqu5uskCustomizer> (0x00000000eba29cd0) thrown at [C:\re\workspace\8-2-build-windows-amd64-cygwin\jdk8u144\9417\hotspot\src\share\vm\classfile\systemDictionary.cpp, line 210]
Event: 6.503 Thread 0x0000000017b5a000 Exception <a 'java/lang/ClassNotFoundException': org/gradle/api/internal/plugins/DefaultObjectConfigurationActionBeanInfo> (0x00000000eba97f28) thrown at [C:\re\workspace\8-2-build-windows-amd64-cygwin\jdk8u144\9417\hotspot\src\share\vm\classfile\systemDi
Event: 6.504 Thread 0x0000000017b5a000 Exception <a 'java/lang/ClassNotFoundException': org/gradle/api/internal/plugins/DefaultObjectConfigurationActionCustomizer> (0x00000000ebad4250) thrown at [C:\re\workspace\8-2-build-windows-amd64-cygwin\jdk8u144\9417\hotspot\src\share\vm\classfile\system

Events (10 events):
Event: 6.978 loading class sun/security/provider/SHA2
Event: 6.978 loading class sun/security/provider/SHA2 done
Event: 6.978 loading class sun/security/provider/SHA2$SHA256 done
Event: 6.978 loading class com/google/common/hash/MessageDigestHashFunction$MessageDigestHasher
Event: 6.978 loading class com/google/common/hash/MessageDigestHashFunction$MessageDigestHasher done
Event: 6.978 loading class com/google/common/hash/AbstractByteHasher
Event: 6.978 loading class com/google/common/hash/AbstractByteHasher done
Event: 6.979 loading class com/google/common/hash/AbstractHasher
Event: 6.979 loading class com/google/common/hash/AbstractHasher done
Event: 6.980 Executing VM operation: CollectForMetadataAllocation


Dynamic libraries:
0x00007ff7c4680000 - 0x00007ff7c46b7000 	C:\Program Files\Java\jdk1.8.0_144\bin\java.exe
0x00007fff3e460000 - 0x00007fff3e650000 	C:\WINDOWS\SYSTEM32\ntdll.dll
0x00007fff3c6c0000 - 0x00007fff3c772000 	C:\WINDOWS\System32\KERNEL32.DLL
0x00007fff3c1f0000 - 0x00007fff3c493000 	C:\WINDOWS\System32\KERNELBASE.dll
0x00007fff3d4a0000 - 0x00007fff3d543000 	C:\WINDOWS\System32\ADVAPI32.dll
0x00007fff3e0d0000 - 0x00007fff3e16e000 	C:\WINDOWS\System32\msvcrt.dll
0x00007fff3e350000 - 0x00007fff3e3e7000 	C:\WINDOWS\System32\sechost.dll
0x00007fff3d380000 - 0x00007fff3d4a0000 	C:\WINDOWS\System32\RPCRT4.dll
0x00007fff3d180000 - 0x00007fff3d313000 	C:\WINDOWS\System32\USER32.dll
0x00007fff3b890000 - 0x00007fff3b8b1000 	C:\WINDOWS\System32\win32u.dll
0x00007fff3c5c0000 - 0x00007fff3c5e6000 	C:\WINDOWS\System32\GDI32.dll
0x00007fff3b6f0000 - 0x00007fff3b884000 	C:\WINDOWS\System32\gdi32full.dll
0x00007fff3b650000 - 0x00007fff3b6ee000 	C:\WINDOWS\System32\msvcp_win.dll
0x00007fff3c0f0000 - 0x00007fff3c1ea000 	C:\WINDOWS\System32\ucrtbase.dll
0x00007fff2e270000 - 0x00007fff2e4f5000 	C:\WINDOWS\WinSxS\amd64_microsoft.windows.common-controls_6595b64144ccf1df_6.0.18362.175_none_e6c3ab1f131014c9\COMCTL32.dll
0x00007fff3c850000 - 0x00007fff3cb86000 	C:\WINDOWS\System32\combase.dll
0x00007fff3b3c0000 - 0x00007fff3b441000 	C:\WINDOWS\System32\bcryptPrimitives.dll
0x00007fff3d850000 - 0x00007fff3d87e000 	C:\WINDOWS\System32\IMM32.DLL
0x0000000054260000 - 0x0000000054332000 	C:\Program Files\Java\jdk1.8.0_144\jre\bin\msvcr100.dll
0x00000000539c0000 - 0x000000005425d000 	C:\Program Files\Java\jdk1.8.0_144\jre\bin\server\jvm.dll
0x00007fff3d550000 - 0x00007fff3d558000 	C:\WINDOWS\System32\PSAPI.DLL
0x00007fff36370000 - 0x00007fff36379000 	C:\WINDOWS\SYSTEM32\WSOCK32.dll
0x00007fff332e0000 - 0x00007fff33304000 	C:\WINDOWS\SYSTEM32\WINMM.dll
0x00007fff35870000 - 0x00007fff3587a000 	C:\WINDOWS\SYSTEM32\VERSION.dll
0x00007fff3cca0000 - 0x00007fff3cd0f000 	C:\WINDOWS\System32\WS2_32.dll
0x00007fff332b0000 - 0x00007fff332dd000 	C:\WINDOWS\SYSTEM32\WINMMBASE.dll
0x00007fff3c4a0000 - 0x00007fff3c4ea000 	C:\WINDOWS\System32\cfgmgr32.dll
0x0000000056d00000 - 0x0000000056d0f000 	C:\Program Files\Java\jdk1.8.0_144\jre\bin\verify.dll
0x0000000056cd0000 - 0x0000000056cf9000 	C:\Program Files\Java\jdk1.8.0_144\jre\bin\java.dll
0x0000000056cb0000 - 0x0000000056cc6000 	C:\Program Files\Java\jdk1.8.0_144\jre\bin\zip.dll
0x00007fff3d9f0000 - 0x00007fff3e0d0000 	C:\WINDOWS\System32\SHELL32.dll
0x00007fff3c510000 - 0x00007fff3c5b9000 	C:\WINDOWS\System32\shcore.dll
0x00007fff3b970000 - 0x00007fff3c0eb000 	C:\WINDOWS\System32\windows.storage.dll
0x00007fff3b380000 - 0x00007fff3b39f000 	C:\WINDOWS\System32\profapi.dll
0x00007fff3b330000 - 0x00007fff3b37a000 	C:\WINDOWS\System32\powrprof.dll
0x00007fff3b300000 - 0x00007fff3b310000 	C:\WINDOWS\System32\UMPDC.dll
0x00007fff3e1d0000 - 0x00007fff3e222000 	C:\WINDOWS\System32\shlwapi.dll
0x00007fff3b3a0000 - 0x00007fff3b3b1000 	C:\WINDOWS\System32\kernel.appcore.dll
0x00007fff3b5a0000 - 0x00007fff3b5b7000 	C:\WINDOWS\System32\cryptsp.dll
0x0000000056c90000 - 0x0000000056caa000 	C:\Program Files\Java\jdk1.8.0_144\jre\bin\net.dll
0x00007fff3ab70000 - 0x00007fff3abd7000 	C:\WINDOWS\system32\mswsock.dll
0x0000000056c70000 - 0x0000000056c81000 	C:\Program Files\Java\jdk1.8.0_144\jre\bin\nio.dll
0x00007fff36590000 - 0x00007fff365ae000 	C:\Users\Max\.gradle\native\25\windows-amd64\native-platform.dll
0x0000000056c60000 - 0x0000000056c6d000 	C:\Program Files\Java\jdk1.8.0_144\jre\bin\management.dll
0x00007fff3a730000 - 0x00007fff3a763000 	C:\WINDOWS\system32\rsaenh.dll
0x00007fff3b5c0000 - 0x00007fff3b5e6000 	C:\WINDOWS\System32\bcrypt.dll
0x00007fff3b1f0000 - 0x00007fff3b215000 	C:\WINDOWS\SYSTEM32\USERENV.dll
0x00007fff3ad40000 - 0x00007fff3ad4c000 	C:\WINDOWS\SYSTEM32\CRYPTBASE.dll
0x00007fff3a8d0000 - 0x00007fff3a90a000 	C:\WINDOWS\SYSTEM32\IPHLPAPI.DLL
0x00007fff3d9e0000 - 0x00007fff3d9e8000 	C:\WINDOWS\System32\NSI.dll
0x00007fff37170000 - 0x00007fff37186000 	C:\WINDOWS\SYSTEM32\dhcpcsvc6.DLL
0x00007fff376a0000 - 0x00007fff376bc000 	C:\WINDOWS\SYSTEM32\dhcpcsvc.DLL
0x00007fff3a910000 - 0x00007fff3a9da000 	C:\WINDOWS\SYSTEM32\DNSAPI.dll

VM Arguments:
jvm_args: -XX:+HeapDumpOnOutOfMemoryError -Xmx1024m -Dfile.encoding=windows-1252 -Duser.country=BR -Duser.language=pt -Duser.variant 
java_command: org.gradle.launcher.daemon.bootstrap.GradleDaemon 4.10.2
java_class_path (initial): C:\Users\Max\.gradle\wrapper\dists\gradle-4.10.2-all\9fahxiiecdb76a5g3aw9oi8rv\gradle-4.10.2\lib\gradle-launcher-4.10.2.jar
Launcher Type: SUN_STANDARD

Environment Variables:
JAVA_HOME=C:\Program Files\Java\jdk1.8.0_144
CLASSPATH=C:\Users\Max\Desktop\curso-react-native\exercicios\android\\gradle\wrapper\gradle-wrapper.jar
PATH=C:\ProgramData\Oracle\Java\javapath;C:\Program Files (x86)\Intel\iCLS Client\;C:\Program Files\Intel\iCLS Client\;C:\Windows\system32;C:\Windows;C:\Windows\System32\Wbem;C:\Windows\System32\WindowsPowerShell\v1.0\;C:\Program Files (x86)\Intel\Intel(R) Management Engine Components\DAL;C:\Program Files\Intel\Intel(R) Management Engine Components\DAL;C:\Program Files (x86)\Intel\Intel(R) Management Engine Components\IPT;C:\Program Files\Intel\Intel(R) Management Engine Components\IPT;C:\Program Files (x86)\NVIDIA Corporation\PhysX\Common;C:\WINDOWS\system32;C:\WINDOWS;C:\WINDOWS\System32\Wbem;C:\WINDOWS\System32\WindowsPowerShell\v1.0\;C:\Program Files\Java\jdk1.8.0_144\bin;C:\Program Files\Git\cmd;C:\WINDOWS\System32\OpenSSH\;C:\Program Files\Maven\apache-maven-3.5.4\bin;C:\Program Files\Jboss Forge\forge-distribution-3.4.0.Final\bin;C:\Program Files\nodejs\;C:\Program Files (x86)\Yarn\bin\;C:\Users\Max\AppData\Local\Programs\Python\Python37-32\Scripts\;C:\Users\Max\AppData\Local\Programs\Python\Python37-32\;C:\Users\Max\AppData\Local\Microsoft\WindowsApps;C:\Program Files\Microsoft VS Code\bin;C:\Users\Max\AppData\Roaming\npm;C:\Users\Max\AppData\Local\Programs\Microsoft VS Code\bin;C:\Users\Max\AppData\Local\Android\Sdk\emulator;C:\Users\Max\AppData\Local\Android\Sdk\tools;C:\Users\Max\AppData\Local\Android\Sdk\tools\bin;C:\Users\Max\AppData\Local\Android\Sdk\platform-tools;C:\Users\Max\AppData\Local\Yarn\bin;
USERNAME=Max
OS=Windows_NT
PROCESSOR_IDENTIFIER=Intel64 Family 6 Model 78 Stepping 3, GenuineIntel



---------------  S Y S T E M  ---------------

OS: Windows 10.0 , 64 bit Build 18362 (10.0.18362.86)

CPU:total 4 (initial active 4) (2 cores per cpu, 2 threads per core) family 6 model 78 stepping 3, cmov, cx8, fxsr, mmx, sse, sse2, sse3, ssse3, sse4.1, sse4.2, popcnt, avx, avx2, aes, clmul, erms, 3dnowpref, lzcnt, ht, tsc, tscinvbit, bmi1, bmi2, adx

Memory: 4k page, physical 8292256k(1179656k free), swap 8292256k(5616k free)

vm_info: Java HotSpot(TM) 64-Bit Server VM (25.144-b01) for windows-amd64 JRE (1.8.0_144-b01), built on Jul 21 2017 21:57:33 by "java_re" with MS VC++ 10.0 (VS2010)

time: Sat Jun 22 13:20:55 2019
elapsed time: 7 seconds (0d 0h 0m 7s)

