#
# There is insufficient memory for the Java Runtime Environment to continue.
# Native memory allocation (malloc) failed to allocate 1001456 bytes for Chunk::new
# Possible reasons:
#   The system is out of physical RAM or swap space
#   In 32 bit mode, the process size limit was hit
# Possible solutions:
#   Reduce memory load on the system
#   Increase physical memory or swap space
#   Check if swap backing store is full
#   Use 64 bit Java on a 64 bit OS
#   Decrease Java heap size (-Xmx/-Xms)
#   Decrease number of Java threads
#   Decrease Java thread stack sizes (-Xss)
#   Set larger code cache with -XX:ReservedCodeCacheSize=
# This output file may be truncated or incomplete.
#
#  Out of Memory Error (allocation.cpp:390), pid=9048, tid=0x0000000000000e60
#
# JRE version: Java(TM) SE Runtime Environment (8.0_144-b01) (build 1.8.0_144-b01)
# Java VM: Java HotSpot(TM) 64-Bit Server VM (25.144-b01 mixed mode windows-amd64 compressed oops)
# Failed to write core dump. Minidumps are not enabled by default on client versions of Windows
#

---------------  T H R E A D  ---------------

Current thread (0x00000000151e3800):  JavaThread "C2 CompilerThread1" daemon [_thread_in_native, id=3680, stack(0x0000000016960000,0x0000000016a60000)]

Stack: [0x0000000016960000,0x0000000016a60000]
[error occurred during error reporting (printing stack bounds), id 0xc0000005]

Native frames: (J=compiled Java code, j=interpreted, Vv=VM code, C=native code)


Current CompileTask:
C2:   3826 1360   !   4       java.net.URLClassLoader$1::run (63 bytes)


---------------  P R O C E S S  ---------------

Java Threads: ( => current thread )
  0x0000000018a63000 JavaThread "Cache worker for file hash cache (C:\Users\Max\Desktop\curso-react-native\exercicios\android\.gradle\4.10.2\fileHashes)" [_thread_blocked, id=5812, stack(0x000000001aed0000,0x000000001afd0000)]
  0x0000000018a66000 JavaThread "File lock request listener" [_thread_in_native, id=9476, stack(0x000000001add0000,0x000000001aed0000)]
  0x0000000018a61800 JavaThread "Cache worker for file hash cache (C:\Users\Max\.gradle\caches\4.10.2\fileHashes)" [_thread_blocked, id=5348, stack(0x000000001aad0000,0x000000001abd0000)]
  0x00000000180cb000 JavaThread "Stdin handler" [_thread_blocked, id=13300, stack(0x000000001a7d0000,0x000000001a8d0000)]
  0x00000000180c8800 JavaThread "Asynchronous log dispatcher for DefaultDaemonConnection: socket connection from /127.0.0.1:53572 to /127.0.0.1:53573" [_thread_blocked, id=10128, stack(0x000000001a6d0000,0x000000001a7d0000)]
  0x00000000180c5000 JavaThread "Daemon worker" [_thread_in_Java, id=3500, stack(0x000000001a5d0000,0x000000001a6d0000)]
  0x00000000180c3000 JavaThread "Cancel handler" [_thread_blocked, id=12352, stack(0x000000001a4d0000,0x000000001a5d0000)]
  0x0000000018814800 JavaThread "Handler for socket connection from /127.0.0.1:53572 to /127.0.0.1:53573" [_thread_in_native, id=6276, stack(0x000000001a3d0000,0x000000001a4d0000)]
  0x0000000018814000 JavaThread "Daemon" [_thread_blocked, id=10424, stack(0x000000001a2d0000,0x000000001a3d0000)]
  0x000000001881a800 JavaThread "Daemon periodic checks" [_thread_blocked, id=4204, stack(0x000000001a1d0000,0x000000001a2d0000)]
  0x00000000175f7800 JavaThread "Incoming local TCP Connector on port 53572" [_thread_in_native, id=12532, stack(0x0000000019900000,0x0000000019a00000)]
  0x0000000018ded000 JavaThread "Daemon health stats" [_thread_blocked, id=6836, stack(0x0000000019a30000,0x0000000019b30000)]
  0x0000000016b80800 JavaThread "Service Thread" daemon [_thread_blocked, id=11400, stack(0x0000000016f60000,0x0000000017060000)]
  0x00000000151ea000 JavaThread "C1 CompilerThread2" daemon [_thread_blocked, id=1596, stack(0x0000000016a60000,0x0000000016b60000)]
=>0x00000000151e3800 JavaThread "C2 CompilerThread1" daemon [_thread_in_native, id=3680, stack(0x0000000016960000,0x0000000016a60000)]
  0x00000000151e1800 JavaThread "C2 CompilerThread0" daemon [_thread_in_native, id=10296, stack(0x0000000016860000,0x0000000016960000)]
  0x00000000151e0000 JavaThread "Attach Listener" daemon [_thread_blocked, id=1144, stack(0x0000000016760000,0x0000000016860000)]
  0x00000000151df000 JavaThread "Signal Dispatcher" daemon [_thread_blocked, id=2388, stack(0x0000000016660000,0x0000000016760000)]
  0x00000000151ca000 JavaThread "Finalizer" daemon [_thread_blocked, id=7944, stack(0x0000000016450000,0x0000000016550000)]
  0x0000000002b04000 JavaThread "Reference Handler" daemon [_thread_blocked, id=9892, stack(0x0000000016350000,0x0000000016450000)]
  0x000000000285e000 JavaThread "main" [_thread_blocked, id=11116, stack(0x0000000002910000,0x0000000002a10000)]

Other Threads:
  0x00000000151a8000 VMThread [stack: 0x0000000016250000,0x0000000016350000] [id=4568]
  0x000000001523d000 WatcherThread [stack: 0x0000000017060000,0x0000000017160000] [id=4720]

VM state:not at safepoint (normal execution)

VM Mutex/Monitor currently owned by a thread: None

Heap:
 PSYoungGen      total 38400K, used 26329K [0x00000000eab00000, 0x00000000ed580000, 0x0000000100000000)
  eden space 33280K, 63% used [0x00000000eab00000,0x00000000ebfbe5f0,0x00000000ecb80000)
  from space 5120K, 99% used [0x00000000ecb80000,0x00000000ed078020,0x00000000ed080000)
  to   space 5120K, 0% used [0x00000000ed080000,0x00000000ed080000,0x00000000ed580000)
 ParOldGen       total 87552K, used 1962K [0x00000000c0000000, 0x00000000c5580000, 0x00000000eab00000)
  object space 87552K, 2% used [0x00000000c0000000,0x00000000c01ea848,0x00000000c5580000)
 Metaspace       used 15422K, capacity 15732K, committed 16000K, reserved 1062912K
  class space    used 2269K, capacity 2398K, committed 2432K, reserved 1048576K

Card table byte_map: [0x0000000011ed0000,0x00000000120e0000] byte_map_base: 0x00000000118d0000

Marking Bits: (ParMarkBitMap*) 0x000000005693d850
 Begin Bits: [0x0000000012640000, 0x0000000013640000)
 End Bits:   [0x0000000013640000, 0x0000000014640000)

Polling page: 0x0000000002840000

CodeCache: size=245760Kb used=4986Kb max_used=4986Kb free=240773Kb
 bounds [0x0000000002b10000, 0x0000000003000000, 0x0000000011b10000]
 total_blobs=1814 nmethods=1436 adapters=291
 compilation: enabled

Compilation events (10 events):
Event: 3.821 Thread 0x00000000151ea000 1438       3       sun.misc.ProxyGenerator::code_aload (11 bytes)
Event: 3.821 Thread 0x00000000151ea000 nmethod 1438 0x0000000002fee190 code [0x0000000002fee300, 0x0000000002fee4a8]
Event: 3.821 Thread 0x00000000151ea000 1439       3       java.io.DataOutputStream::writeInt (65 bytes)
Event: 3.821 Thread 0x00000000151ea000 nmethod 1439 0x0000000002fee550 code [0x0000000002fee700, 0x0000000002feec58]
Event: 3.823 Thread 0x00000000151ea000 1440       1       sun.misc.ProxyGenerator::access$800 (5 bytes)
Event: 3.823 Thread 0x00000000151ea000 nmethod 1440 0x0000000002feee10 code [0x0000000002feef60, 0x0000000002fef050]
Event: 3.823 Thread 0x00000000151ea000 1441       3       java.io.ByteArrayOutputStream::<init> (43 bytes)
Event: 3.823 Thread 0x00000000151ea000 nmethod 1441 0x0000000002fef0d0 code [0x0000000002fef2c0, 0x0000000002fefc38]
Event: 3.823 Thread 0x00000000151ea000 1442       3       java.io.ByteArrayOutputStream::<init> (7 bytes)
Event: 3.824 Thread 0x00000000151ea000 nmethod 1442 0x0000000002ff0050 code [0x0000000002ff01c0, 0x0000000002ff0348]

GC Heap History (6 events):
Event: 0.722 GC heap before
{Heap before GC invocations=1 (full 0):
 PSYoungGen      total 38400K, used 33280K [0x00000000eab00000, 0x00000000ed580000, 0x0000000100000000)
  eden space 33280K, 100% used [0x00000000eab00000,0x00000000ecb80000,0x00000000ecb80000)
  from space 5120K, 0% used [0x00000000ed080000,0x00000000ed080000,0x00000000ed580000)
  to   space 5120K, 0% used [0x00000000ecb80000,0x00000000ecb80000,0x00000000ed080000)
 ParOldGen       total 87552K, used 0K [0x00000000c0000000, 0x00000000c5580000, 0x00000000eab00000)
  object space 87552K, 0% used [0x00000000c0000000,0x00000000c0000000,0x00000000c5580000)
 Metaspace       used 6800K, capacity 7002K, committed 7168K, reserved 1056768K
  class space    used 854K, capacity 911K, committed 1024K, reserved 1048576K
Event: 0.728 GC heap after
Heap after GC invocations=1 (full 0):
 PSYoungGen      total 38400K, used 4211K [0x00000000eab00000, 0x00000000ed580000, 0x0000000100000000)
  eden space 33280K, 0% used [0x00000000eab00000,0x00000000eab00000,0x00000000ecb80000)
  from space 5120K, 82% used [0x00000000ecb80000,0x00000000ecf9cfb8,0x00000000ed080000)
  to   space 5120K, 0% used [0x00000000ed080000,0x00000000ed080000,0x00000000ed580000)
 ParOldGen       total 87552K, used 8K [0x00000000c0000000, 0x00000000c5580000, 0x00000000eab00000)
  object space 87552K, 0% used [0x00000000c0000000,0x00000000c0002000,0x00000000c5580000)
 Metaspace       used 6800K, capacity 7002K, committed 7168K, reserved 1056768K
  class space    used 854K, capacity 911K, committed 1024K, reserved 1048576K
}
Event: 1.113 GC heap before
{Heap before GC invocations=2 (full 0):
 PSYoungGen      total 38400K, used 37491K [0x00000000eab00000, 0x00000000ed580000, 0x0000000100000000)
  eden space 33280K, 100% used [0x00000000eab00000,0x00000000ecb80000,0x00000000ecb80000)
  from space 5120K, 82% used [0x00000000ecb80000,0x00000000ecf9cfb8,0x00000000ed080000)
  to   space 5120K, 0% used [0x00000000ed080000,0x00000000ed080000,0x00000000ed580000)
 ParOldGen       total 87552K, used 8K [0x00000000c0000000, 0x00000000c5580000, 0x00000000eab00000)
  object space 87552K, 0% used [0x00000000c0000000,0x00000000c0002000,0x00000000c5580000)
 Metaspace       used 9342K, capacity 9672K, committed 9856K, reserved 1058816K
  class space    used 1292K, capacity 1392K, committed 1408K, reserved 1048576K
Event: 1.118 GC heap after
Heap after GC invocations=2 (full 0):
 PSYoungGen      total 38400K, used 4995K [0x00000000eab00000, 0x00000000ed580000, 0x0000000100000000)
  eden space 33280K, 0% used [0x00000000eab00000,0x00000000eab00000,0x00000000ecb80000)
  from space 5120K, 97% used [0x00000000ed080000,0x00000000ed560d40,0x00000000ed580000)
  to   space 5120K, 0% used [0x00000000ecb80000,0x00000000ecb80000,0x00000000ed080000)
 ParOldGen       total 87552K, used 16K [0x00000000c0000000, 0x00000000c5580000, 0x00000000eab00000)
  object space 87552K, 0% used [0x00000000c0000000,0x00000000c0004000,0x00000000c5580000)
 Metaspace       used 9342K, capacity 9672K, committed 9856K, reserved 1058816K
  class space    used 1292K, capacity 1392K, committed 1408K, reserved 1048576K
}
Event: 3.469 GC heap before
{Heap before GC invocations=3 (full 0):
 PSYoungGen      total 38400K, used 38275K [0x00000000eab00000, 0x00000000ed580000, 0x0000000100000000)
  eden space 33280K, 100% used [0x00000000eab00000,0x00000000ecb80000,0x00000000ecb80000)
  from space 5120K, 97% used [0x00000000ed080000,0x00000000ed560d40,0x00000000ed580000)
  to   space 5120K, 0% used [0x00000000ecb80000,0x00000000ecb80000,0x00000000ed080000)
 ParOldGen       total 87552K, used 16K [0x00000000c0000000, 0x00000000c5580000, 0x00000000eab00000)
  object space 87552K, 0% used [0x00000000c0000000,0x00000000c0004000,0x00000000c5580000)
 Metaspace       used 13358K, capacity 13732K, committed 13952K, reserved 1060864K
  class space    used 1936K, capacity 2068K, committed 2176K, reserved 1048576K
Event: 3.477 GC heap after
Heap after GC invocations=3 (full 0):
 PSYoungGen      total 38400K, used 5088K [0x00000000eab00000, 0x00000000ed580000, 0x0000000100000000)
  eden space 33280K, 0% used [0x00000000eab00000,0x00000000eab00000,0x00000000ecb80000)
  from space 5120K, 99% used [0x00000000ecb80000,0x00000000ed078020,0x00000000ed080000)
  to   space 5120K, 0% used [0x00000000ed080000,0x00000000ed080000,0x00000000ed580000)
 ParOldGen       total 87552K, used 1962K [0x00000000c0000000, 0x00000000c5580000, 0x00000000eab00000)
  object space 87552K, 2% used [0x00000000c0000000,0x00000000c01ea848,0x00000000c5580000)
 Metaspace       used 13358K, capacity 13732K, committed 13952K, reserved 1060864K
  class space    used 1936K, capacity 2068K, committed 2176K, reserved 1048576K
}

Deoptimization events (10 events):
Event: 3.165 Thread 0x00000000180c5000 Uncommon trap: reason=bimorphic action=maybe_recompile pc=0x0000000002dbbfd0 method=java.util.HashMap.putVal(ILjava/lang/Object;Ljava/lang/Object;ZZ)Ljava/lang/Object; @ 253
Event: 3.165 Thread 0x00000000180c5000 Uncommon trap: reason=class_check action=maybe_recompile pc=0x0000000002dbc4cc method=java.util.HashMap.putVal(ILjava/lang/Object;Ljava/lang/Object;ZZ)Ljava/lang/Object; @ 203
Event: 3.165 Thread 0x00000000180c5000 Uncommon trap: reason=class_check action=maybe_recompile pc=0x0000000002dbc4cc method=java.util.HashMap.putVal(ILjava/lang/Object;Ljava/lang/Object;ZZ)Ljava/lang/Object; @ 203
Event: 3.166 Thread 0x00000000180c5000 Uncommon trap: reason=bimorphic action=maybe_recompile pc=0x0000000002dc08a8 method=java.util.HashMap.putVal(ILjava/lang/Object;Ljava/lang/Object;ZZ)Ljava/lang/Object; @ 253
Event: 3.166 Thread 0x00000000180c5000 Uncommon trap: reason=bimorphic action=maybe_recompile pc=0x0000000002dc08a8 method=java.util.HashMap.putVal(ILjava/lang/Object;Ljava/lang/Object;ZZ)Ljava/lang/Object; @ 253
Event: 3.520 Thread 0x00000000180c5000 Uncommon trap: reason=class_check action=maybe_recompile pc=0x0000000002dd7fc4 method=java.util.regex.Matcher.match(II)Z @ 86
Event: 3.538 Thread 0x00000000180c5000 Uncommon trap: reason=class_check action=maybe_recompile pc=0x0000000002dd7fc4 method=java.util.regex.Matcher.match(II)Z @ 86
Event: 3.538 Thread 0x00000000180c5000 Uncommon trap: reason=class_check action=maybe_recompile pc=0x0000000002dd7fc4 method=java.util.regex.Matcher.match(II)Z @ 86
Event: 3.539 Thread 0x00000000180c5000 Uncommon trap: reason=class_check action=maybe_recompile pc=0x0000000002d90d9c method=java.util.regex.Matcher.match(II)Z @ 86
Event: 3.668 Thread 0x00000000180c5000 Uncommon trap: reason=unstable_if action=reinterpret pc=0x0000000002f30074 method=java.lang.String.lastIndexOf([CII[CIII)I @ 66

Internal exceptions (10 events):
Event: 0.446 Thread 0x000000000285e000 Exception <a 'java/lang/ArrayIndexOutOfBoundsException'> (0x00000000eba5b040) thrown at [C:\re\workspace\8-2-build-windows-amd64-cygwin\jdk8u144\9417\hotspot\src\share\vm\runtime\sharedRuntime.cpp, line 605]
Event: 0.446 Thread 0x000000000285e000 Exception <a 'java/lang/ArrayIndexOutOfBoundsException'> (0x00000000eba674f0) thrown at [C:\re\workspace\8-2-build-windows-amd64-cygwin\jdk8u144\9417\hotspot\src\share\vm\runtime\sharedRuntime.cpp, line 605]
Event: 0.447 Thread 0x000000000285e000 Exception <a 'java/lang/ArrayIndexOutOfBoundsException'> (0x00000000eba698d0) thrown at [C:\re\workspace\8-2-build-windows-amd64-cygwin\jdk8u144\9417\hotspot\src\share\vm\runtime\sharedRuntime.cpp, line 605]
Event: 0.447 Thread 0x000000000285e000 Exception <a 'java/lang/ArrayIndexOutOfBoundsException'> (0x00000000eba76188) thrown at [C:\re\workspace\8-2-build-windows-amd64-cygwin\jdk8u144\9417\hotspot\src\share\vm\runtime\sharedRuntime.cpp, line 605]
Event: 0.448 Thread 0x000000000285e000 Exception <a 'java/lang/ArrayIndexOutOfBoundsException'> (0x00000000eba89678) thrown at [C:\re\workspace\8-2-build-windows-amd64-cygwin\jdk8u144\9417\hotspot\src\share\vm\runtime\sharedRuntime.cpp, line 605]
Event: 0.448 Thread 0x000000000285e000 Exception <a 'java/lang/ArrayIndexOutOfBoundsException'> (0x00000000eba8c9a0) thrown at [C:\re\workspace\8-2-build-windows-amd64-cygwin\jdk8u144\9417\hotspot\src\share\vm\runtime\sharedRuntime.cpp, line 605]
Event: 0.448 Thread 0x000000000285e000 Exception <a 'java/lang/ArrayIndexOutOfBoundsException'> (0x00000000eba97748) thrown at [C:\re\workspace\8-2-build-windows-amd64-cygwin\jdk8u144\9417\hotspot\src\share\vm\runtime\sharedRuntime.cpp, line 605]
Event: 1.063 Thread 0x000000000285e000 Exception <a 'java/lang/NoSuchFieldError': method resolution failed> (0x00000000ec719a68) thrown at [C:\re\workspace\8-2-build-windows-amd64-cygwin\jdk8u144\9417\hotspot\src\share\vm\prims\methodHandles.cpp, line 1146]
Event: 1.064 Thread 0x000000000285e000 Exception <a 'java/lang/NoSuchFieldError': method resolution failed> (0x00000000ec7277c8) thrown at [C:\re\workspace\8-2-build-windows-amd64-cygwin\jdk8u144\9417\hotspot\src\share\vm\prims\methodHandles.cpp, line 1146]
Event: 3.090 Thread 0x000000000285e000 Exception <a 'java/io/IOException'> (0x00000000eaeaed20) thrown at [C:\re\workspace\8-2-build-windows-amd64-cygwin\jdk8u144\9417\hotspot\src\share\vm\prims\jni.cpp, line 709]

Events (10 events):
Event: 3.820 loading class java/lang/annotation/Target
Event: 3.820 loading class java/lang/annotation/Target done
Event: 3.822 loading class java/lang/annotation/ElementType
Event: 3.822 loading class java/lang/annotation/ElementType done
Event: 3.824 loading class org/gradle/api/internal/AbstractClassGenerator$ClassMetaData
Event: 3.824 loading class org/gradle/api/internal/AbstractClassGenerator$ClassMetaData done
Event: 3.825 loading class org/gradle/internal/reflect/ClassInspector
Event: 3.825 loading class org/gradle/internal/reflect/ClassInspector done
Event: 3.825 loading class org/gradle/internal/reflect/ClassDetails
Event: 3.825 loading class org/gradle/internal/reflect/ClassDetails done


Dynamic libraries:
0x00007ff6ab050000 - 0x00007ff6ab087000 	C:\Program Files\Java\jdk1.8.0_144\bin\java.exe
0x00007fff3e460000 - 0x00007fff3e650000 	C:\WINDOWS\SYSTEM32\ntdll.dll
0x00007fff3c6c0000 - 0x00007fff3c772000 	C:\WINDOWS\System32\KERNEL32.DLL
0x00007fff3c1f0000 - 0x00007fff3c493000 	C:\WINDOWS\System32\KERNELBASE.dll
0x00007fff3d4a0000 - 0x00007fff3d543000 	C:\WINDOWS\System32\ADVAPI32.dll
0x00007fff3e0d0000 - 0x00007fff3e16e000 	C:\WINDOWS\System32\msvcrt.dll
0x00007fff3e350000 - 0x00007fff3e3e7000 	C:\WINDOWS\System32\sechost.dll
0x00007fff3d380000 - 0x00007fff3d4a0000 	C:\WINDOWS\System32\RPCRT4.dll
0x00007fff3d180000 - 0x00007fff3d313000 	C:\WINDOWS\System32\USER32.dll
0x00007fff3b890000 - 0x00007fff3b8b1000 	C:\WINDOWS\System32\win32u.dll
0x00007fff3c5c0000 - 0x00007fff3c5e6000 	C:\WINDOWS\System32\GDI32.dll
0x00007fff3b6f0000 - 0x00007fff3b884000 	C:\WINDOWS\System32\gdi32full.dll
0x00007fff3b650000 - 0x00007fff3b6ee000 	C:\WINDOWS\System32\msvcp_win.dll
0x00007fff3c0f0000 - 0x00007fff3c1ea000 	C:\WINDOWS\System32\ucrtbase.dll
0x00007fff2e270000 - 0x00007fff2e4f5000 	C:\WINDOWS\WinSxS\amd64_microsoft.windows.common-controls_6595b64144ccf1df_6.0.18362.175_none_e6c3ab1f131014c9\COMCTL32.dll
0x00007fff3c850000 - 0x00007fff3cb86000 	C:\WINDOWS\System32\combase.dll
0x00007fff3b3c0000 - 0x00007fff3b441000 	C:\WINDOWS\System32\bcryptPrimitives.dll
0x00007fff3d850000 - 0x00007fff3d87e000 	C:\WINDOWS\System32\IMM32.DLL
0x0000000057ab0000 - 0x0000000057b82000 	C:\Program Files\Java\jdk1.8.0_144\jre\bin\msvcr100.dll
0x0000000056120000 - 0x00000000569bd000 	C:\Program Files\Java\jdk1.8.0_144\jre\bin\server\jvm.dll
0x00007fff3d550000 - 0x00007fff3d558000 	C:\WINDOWS\System32\PSAPI.DLL
0x00007fff35870000 - 0x00007fff3587a000 	C:\WINDOWS\SYSTEM32\VERSION.dll
0x00007fff332e0000 - 0x00007fff33304000 	C:\WINDOWS\SYSTEM32\WINMM.dll
0x00007fff2c9d0000 - 0x00007fff2c9d9000 	C:\WINDOWS\SYSTEM32\WSOCK32.dll
0x00007fff3cca0000 - 0x00007fff3cd0f000 	C:\WINDOWS\System32\WS2_32.dll
0x00007fff332b0000 - 0x00007fff332dd000 	C:\WINDOWS\SYSTEM32\WINMMBASE.dll
0x00007fff3c4a0000 - 0x00007fff3c4ea000 	C:\WINDOWS\System32\cfgmgr32.dll
0x0000000057aa0000 - 0x0000000057aaf000 	C:\Program Files\Java\jdk1.8.0_144\jre\bin\verify.dll
0x0000000057a70000 - 0x0000000057a99000 	C:\Program Files\Java\jdk1.8.0_144\jre\bin\java.dll
0x0000000057a50000 - 0x0000000057a66000 	C:\Program Files\Java\jdk1.8.0_144\jre\bin\zip.dll
0x00007fff3d9f0000 - 0x00007fff3e0d0000 	C:\WINDOWS\System32\SHELL32.dll
0x00007fff3c510000 - 0x00007fff3c5b9000 	C:\WINDOWS\System32\shcore.dll
0x00007fff3b970000 - 0x00007fff3c0eb000 	C:\WINDOWS\System32\windows.storage.dll
0x00007fff3b380000 - 0x00007fff3b39f000 	C:\WINDOWS\System32\profapi.dll
0x00007fff3b330000 - 0x00007fff3b37a000 	C:\WINDOWS\System32\powrprof.dll
0x00007fff3b300000 - 0x00007fff3b310000 	C:\WINDOWS\System32\UMPDC.dll
0x00007fff3e1d0000 - 0x00007fff3e222000 	C:\WINDOWS\System32\shlwapi.dll
0x00007fff3b3a0000 - 0x00007fff3b3b1000 	C:\WINDOWS\System32\kernel.appcore.dll
0x00007fff3b5a0000 - 0x00007fff3b5b7000 	C:\WINDOWS\System32\cryptsp.dll
0x0000000057a30000 - 0x0000000057a4a000 	C:\Program Files\Java\jdk1.8.0_144\jre\bin\net.dll
0x00007fff3ab70000 - 0x00007fff3abd7000 	C:\WINDOWS\system32\mswsock.dll
0x0000000057a10000 - 0x0000000057a21000 	C:\Program Files\Java\jdk1.8.0_144\jre\bin\nio.dll
0x00007fff32c90000 - 0x00007fff32cae000 	C:\Users\Max\.gradle\native\25\windows-amd64\native-platform.dll
0x0000000057a00000 - 0x0000000057a0d000 	C:\Program Files\Java\jdk1.8.0_144\jre\bin\management.dll
0x00007fff3a730000 - 0x00007fff3a763000 	C:\WINDOWS\system32\rsaenh.dll
0x00007fff3b5c0000 - 0x00007fff3b5e6000 	C:\WINDOWS\System32\bcrypt.dll
0x00007fff3b1f0000 - 0x00007fff3b215000 	C:\WINDOWS\SYSTEM32\USERENV.dll
0x00007fff3ad40000 - 0x00007fff3ad4c000 	C:\WINDOWS\SYSTEM32\CRYPTBASE.dll
0x00007fff3a8d0000 - 0x00007fff3a90a000 	C:\WINDOWS\SYSTEM32\IPHLPAPI.DLL
0x00007fff3d9e0000 - 0x00007fff3d9e8000 	C:\WINDOWS\System32\NSI.dll
0x00007fff37170000 - 0x00007fff37186000 	C:\WINDOWS\SYSTEM32\dhcpcsvc6.DLL
0x00007fff376a0000 - 0x00007fff376bc000 	C:\WINDOWS\SYSTEM32\dhcpcsvc.DLL
0x00007fff3a910000 - 0x00007fff3a9da000 	C:\WINDOWS\SYSTEM32\DNSAPI.dll

VM Arguments:
jvm_args: -XX:+HeapDumpOnOutOfMemoryError -Xmx1024m -Dfile.encoding=windows-1252 -Duser.country=BR -Duser.language=pt -Duser.variant 
java_command: org.gradle.launcher.daemon.bootstrap.GradleDaemon 4.10.2
java_class_path (initial): C:\Users\Max\.gradle\wrapper\dists\gradle-4.10.2-all\9fahxiiecdb76a5g3aw9oi8rv\gradle-4.10.2\lib\gradle-launcher-4.10.2.jar
Launcher Type: SUN_STANDARD

Environment Variables:
JAVA_HOME=C:\Program Files\Java\jdk1.8.0_144
CLASSPATH=C:\Users\Max\Desktop\curso-react-native\exercicios\android\\gradle\wrapper\gradle-wrapper.jar
PATH=C:\ProgramData\Oracle\Java\javapath;C:\Program Files (x86)\Intel\iCLS Client\;C:\Program Files\Intel\iCLS Client\;C:\Windows\system32;C:\Windows;C:\Windows\System32\Wbem;C:\Windows\System32\WindowsPowerShell\v1.0\;C:\Program Files (x86)\Intel\Intel(R) Management Engine Components\DAL;C:\Program Files\Intel\Intel(R) Management Engine Components\DAL;C:\Program Files (x86)\Intel\Intel(R) Management Engine Components\IPT;C:\Program Files\Intel\Intel(R) Management Engine Components\IPT;C:\Program Files (x86)\NVIDIA Corporation\PhysX\Common;C:\WINDOWS\system32;C:\WINDOWS;C:\WINDOWS\System32\Wbem;C:\WINDOWS\System32\WindowsPowerShell\v1.0\;C:\Program Files\Java\jdk1.8.0_144\bin;C:\Program Files\Git\cmd;C:\WINDOWS\System32\OpenSSH\;C:\Program Files\Maven\apache-maven-3.5.4\bin;C:\Program Files\Jboss Forge\forge-distribution-3.4.0.Final\bin;C:\Program Files\nodejs\;C:\Program Files (x86)\Yarn\bin\;C:\Users\Max\AppData\Local\Programs\Python\Python37-32\Scripts\;C:\Users\Max\AppData\Local\Programs\Python\Python37-32\;C:\Users\Max\AppData\Local\Microsoft\WindowsApps;C:\Program Files\Microsoft VS Code\bin;C:\Users\Max\AppData\Roaming\npm;C:\Users\Max\AppData\Local\Programs\Microsoft VS Code\bin;C:\Users\Max\AppData\Local\Android\Sdk\emulator;C:\Users\Max\AppData\Local\Android\Sdk\tools;C:\Users\Max\AppData\Local\Android\Sdk\tools\bin;C:\Users\Max\AppData\Local\Android\Sdk\platform-tools;C:\Users\Max\AppData\Local\Yarn\bin;
USERNAME=Max
OS=Windows_NT
PROCESSOR_IDENTIFIER=Intel64 Family 6 Model 78 Stepping 3, GenuineIntel



---------------  S Y S T E M  ---------------

OS: Windows 10.0 , 64 bit Build 18362 (10.0.18362.86)

CPU:total 4 (initial active 4) (2 cores per cpu, 2 threads per core) family 6 model 78 stepping 3, cmov, cx8, fxsr, mmx, sse, sse2, sse3, ssse3, sse4.1, sse4.2, popcnt, avx, avx2, aes, clmul, erms, 3dnowpref, lzcnt, ht, tsc, tscinvbit, bmi1, bmi2, adx

Memory: 4k page, physical 8292256k(1792516k free), swap 8292256k(5444k free)

vm_info: Java HotSpot(TM) 64-Bit Server VM (25.144-b01) for windows-amd64 JRE (1.8.0_144-b01), built on Jul 21 2017 21:57:33 by "java_re" with MS VC++ 10.0 (VS2010)

time: Fri Jun 21 23:41:52 2019
elapsed time: 3 seconds (0d 0h 0m 3s)

