#
# There is insufficient memory for the Java Runtime Environment to continue.
# Native memory allocation (malloc) failed to allocate 2247536 bytes for Chunk::new
# Possible reasons:
#   The system is out of physical RAM or swap space
#   In 32 bit mode, the process size limit was hit
# Possible solutions:
#   Reduce memory load on the system
#   Increase physical memory or swap space
#   Check if swap backing store is full
#   Use 64 bit Java on a 64 bit OS
#   Decrease Java heap size (-Xmx/-Xms)
#   Decrease number of Java threads
#   Decrease Java thread stack sizes (-Xss)
#   Set larger code cache with -XX:ReservedCodeCacheSize=
# This output file may be truncated or incomplete.
#
#  Out of Memory Error (allocation.cpp:390), pid=7376, tid=0x000000000000137c
#
# JRE version: Java(TM) SE Runtime Environment (8.0_144-b01) (build 1.8.0_144-b01)
# Java VM: Java HotSpot(TM) 64-Bit Server VM (25.144-b01 mixed mode windows-amd64 compressed oops)
# Failed to write core dump. Minidumps are not enabled by default on client versions of Windows
#

---------------  T H R E A D  ---------------

Current thread (0x00000000159f1800):  JavaThread "C2 CompilerThread0" daemon [_thread_in_native, id=4988, stack(0x0000000017050000,0x0000000017150000)]

Stack: [0x0000000017050000,0x0000000017150000]
[error occurred during error reporting (printing stack bounds), id 0xc0000005]

Native frames: (J=compiled Java code, j=interpreted, Vv=VM code, C=native code)


Current CompileTask:
C2:   3261 1344   !   4       java.net.URLClassLoader$1::run (63 bytes)


---------------  P R O C E S S  ---------------

Java Threads: ( => current thread )
  0x0000000018c15000 JavaThread "Cache worker for journal cache (C:\Users\Max\.gradle\caches\journal-1)" [_thread_blocked, id=11532, stack(0x000000001b790000,0x000000001b890000)]
  0x0000000018c14800 JavaThread "Cache worker for file hash cache (C:\Users\Max\Desktop\curso-react-native\exercicios\android\.gradle\4.10.2\fileHashes)" [_thread_blocked, id=9384, stack(0x000000001b690000,0x000000001b790000)]
  0x0000000018c17800 JavaThread "File lock request listener" [_thread_in_native, id=11980, stack(0x000000001b590000,0x000000001b690000)]
  0x0000000018c16800 JavaThread "Cache worker for file hash cache (C:\Users\Max\.gradle\caches\4.10.2\fileHashes)" [_thread_blocked, id=12676, stack(0x000000001b490000,0x000000001b590000)]
  0x00000000189e7800 JavaThread "Stdin handler" [_thread_blocked, id=7268, stack(0x0000000019fc0000,0x000000001a0c0000)]
  0x00000000189e2800 JavaThread "Asynchronous log dispatcher for DefaultDaemonConnection: socket connection from /127.0.0.1:57135 to /127.0.0.1:57136" [_thread_blocked, id=12980, stack(0x0000000019ec0000,0x0000000019fc0000)]
  0x00000000189d9800 JavaThread "Daemon worker" [_thread_in_vm, id=9460, stack(0x0000000019dc0000,0x0000000019ec0000)]
  0x00000000189db800 JavaThread "Cancel handler" [_thread_blocked, id=1708, stack(0x0000000019cc0000,0x0000000019dc0000)]
  0x000000001882d800 JavaThread "Handler for socket connection from /127.0.0.1:57135 to /127.0.0.1:57136" [_thread_in_native, id=5704, stack(0x0000000019bc0000,0x0000000019cc0000)]
  0x0000000018828800 JavaThread "Daemon" [_thread_blocked, id=5700, stack(0x0000000019ac0000,0x0000000019bc0000)]
  0x0000000018809000 JavaThread "Daemon periodic checks" [_thread_blocked, id=940, stack(0x00000000199c0000,0x0000000019ac0000)]
  0x0000000017ded000 JavaThread "Incoming local TCP Connector on port 57135" [_thread_in_native, id=12188, stack(0x0000000019760000,0x0000000019860000)]
  0x0000000018c8b800 JavaThread "Daemon health stats" [_thread_blocked, id=2896, stack(0x0000000019120000,0x0000000019220000)]
  0x0000000017378800 JavaThread "Service Thread" daemon [_thread_blocked, id=7324, stack(0x0000000017750000,0x0000000017850000)]
  0x0000000015a00800 JavaThread "C1 CompilerThread2" daemon [_thread_blocked, id=4620, stack(0x0000000017250000,0x0000000017350000)]
  0x00000000159f3800 JavaThread "C2 CompilerThread1" daemon [_thread_in_native, id=9100, stack(0x0000000017150000,0x0000000017250000)]
=>0x00000000159f1800 JavaThread "C2 CompilerThread0" daemon [_thread_in_native, id=4988, stack(0x0000000017050000,0x0000000017150000)]
  0x00000000159ef000 JavaThread "Attach Listener" daemon [_thread_blocked, id=6896, stack(0x0000000016f50000,0x0000000017050000)]
  0x00000000159ed800 JavaThread "Signal Dispatcher" daemon [_thread_blocked, id=12056, stack(0x0000000016e50000,0x0000000016f50000)]
  0x00000000159da800 JavaThread "Finalizer" daemon [_thread_blocked, id=6688, stack(0x0000000016c40000,0x0000000016d40000)]
  0x0000000003313800 JavaThread "Reference Handler" daemon [_thread_blocked, id=9336, stack(0x0000000016b40000,0x0000000016c40000)]
  0x00000000030fe000 JavaThread "main" [_thread_blocked, id=9192, stack(0x0000000003120000,0x0000000003220000)]

Other Threads:
  0x00000000159b7000 VMThread [stack: 0x0000000016a40000,0x0000000016b40000] [id=11564]
  0x00000000173b5000 WatcherThread [stack: 0x0000000017850000,0x0000000017950000] [id=7872]

VM state:not at safepoint (normal execution)

VM Mutex/Monitor currently owned by a thread: None

Heap:
 PSYoungGen      total 38400K, used 24262K [0x00000000eab00000, 0x00000000ed580000, 0x0000000100000000)
  eden space 33280K, 57% used [0x00000000eab00000,0x00000000ebdb9b78,0x00000000ecb80000)
  from space 5120K, 99% used [0x00000000ed080000,0x00000000ed578040,0x00000000ed580000)
  to   space 5120K, 0% used [0x00000000ecb80000,0x00000000ecb80000,0x00000000ed080000)
 ParOldGen       total 87552K, used 5031K [0x00000000c0000000, 0x00000000c5580000, 0x00000000eab00000)
  object space 87552K, 5% used [0x00000000c0000000,0x00000000c04e9ea8,0x00000000c5580000)
 Metaspace       used 19052K, capacity 19450K, committed 19584K, reserved 1067008K
  class space    used 2758K, capacity 2911K, committed 2944K, reserved 1048576K

Card table byte_map: [0x00000000126e0000,0x00000000128f0000] byte_map_base: 0x00000000120e0000

Marking Bits: (ParMarkBitMap*) 0x00000000541dd850
 Begin Bits: [0x0000000012e50000, 0x0000000013e50000)
 End Bits:   [0x0000000013e50000, 0x0000000014e50000)

Polling page: 0x0000000001350000

CodeCache: size=245760Kb used=5236Kb max_used=5236Kb free=240523Kb
 bounds [0x0000000003320000, 0x0000000003840000, 0x0000000012320000]
 total_blobs=1972 nmethods=1570 adapters=314
 compilation: enabled

Compilation events (10 events):
Event: 3.184 Thread 0x0000000015a00800 1516       3       java.lang.Integer::valueOf (32 bytes)
Event: 3.184 Thread 0x0000000015a00800 nmethod 1516 0x0000000003820990 code [0x0000000003820b00, 0x0000000003820e50]
Event: 3.191 Thread 0x0000000015a00800 1517       3       java.lang.Integer::hashCode (8 bytes)
Event: 3.191 Thread 0x0000000015a00800 nmethod 1517 0x0000000003821010 code [0x0000000003821160, 0x0000000003821310]
Event: 3.191 Thread 0x0000000015a00800 1518       3       java.lang.Integer::hashCode (2 bytes)
Event: 3.191 Thread 0x0000000015a00800 nmethod 1518 0x00000000038213d0 code [0x0000000003821520, 0x0000000003821650]
Event: 3.191 Thread 0x0000000015a00800 1519       3       org.codehaus.groovy.reflection.GeneratedMetaMethod$DgmMethodRecord::<init> (5 bytes)
Event: 3.191 Thread 0x0000000015a00800 nmethod 1519 0x00000000038216d0 code [0x0000000003821820, 0x00000000038219d0]
Event: 3.205 Thread 0x0000000015a00800 1521       3       java.util.concurrent.locks.AbstractQueuedSynchronizer::<init> (5 bytes)
Event: 3.205 Thread 0x0000000015a00800 nmethod 1521 0x0000000003821a90 code [0x0000000003821c00, 0x0000000003821e10]

GC Heap History (8 events):
Event: 0.660 GC heap before
{Heap before GC invocations=1 (full 0):
 PSYoungGen      total 38400K, used 33280K [0x00000000eab00000, 0x00000000ed580000, 0x0000000100000000)
  eden space 33280K, 100% used [0x00000000eab00000,0x00000000ecb80000,0x00000000ecb80000)
  from space 5120K, 0% used [0x00000000ed080000,0x00000000ed080000,0x00000000ed580000)
  to   space 5120K, 0% used [0x00000000ecb80000,0x00000000ecb80000,0x00000000ed080000)
 ParOldGen       total 87552K, used 0K [0x00000000c0000000, 0x00000000c5580000, 0x00000000eab00000)
  object space 87552K, 0% used [0x00000000c0000000,0x00000000c0000000,0x00000000c5580000)
 Metaspace       used 6798K, capacity 7002K, committed 7168K, reserved 1056768K
  class space    used 853K, capacity 911K, committed 1024K, reserved 1048576K
Event: 0.665 GC heap after
Heap after GC invocations=1 (full 0):
 PSYoungGen      total 38400K, used 4163K [0x00000000eab00000, 0x00000000ed580000, 0x0000000100000000)
  eden space 33280K, 0% used [0x00000000eab00000,0x00000000eab00000,0x00000000ecb80000)
  from space 5120K, 81% used [0x00000000ecb80000,0x00000000ecf90f08,0x00000000ed080000)
  to   space 5120K, 0% used [0x00000000ed080000,0x00000000ed080000,0x00000000ed580000)
 ParOldGen       total 87552K, used 8K [0x00000000c0000000, 0x00000000c5580000, 0x00000000eab00000)
  object space 87552K, 0% used [0x00000000c0000000,0x00000000c0002000,0x00000000c5580000)
 Metaspace       used 6798K, capacity 7002K, committed 7168K, reserved 1056768K
  class space    used 853K, capacity 911K, committed 1024K, reserved 1048576K
}
Event: 0.981 GC heap before
{Heap before GC invocations=2 (full 0):
 PSYoungGen      total 38400K, used 37443K [0x00000000eab00000, 0x00000000ed580000, 0x0000000100000000)
  eden space 33280K, 100% used [0x00000000eab00000,0x00000000ecb80000,0x00000000ecb80000)
  from space 5120K, 81% used [0x00000000ecb80000,0x00000000ecf90f08,0x00000000ed080000)
  to   space 5120K, 0% used [0x00000000ed080000,0x00000000ed080000,0x00000000ed580000)
 ParOldGen       total 87552K, used 8K [0x00000000c0000000, 0x00000000c5580000, 0x00000000eab00000)
  object space 87552K, 0% used [0x00000000c0000000,0x00000000c0002000,0x00000000c5580000)
 Metaspace       used 9339K, capacity 9672K, committed 9856K, reserved 1058816K
  class space    used 1291K, capacity 1392K, committed 1408K, reserved 1048576K
Event: 0.986 GC heap after
Heap after GC invocations=2 (full 0):
 PSYoungGen      total 38400K, used 5025K [0x00000000eab00000, 0x00000000ef600000, 0x0000000100000000)
  eden space 33280K, 0% used [0x00000000eab00000,0x00000000eab00000,0x00000000ecb80000)
  from space 5120K, 98% used [0x00000000ed080000,0x00000000ed5685d8,0x00000000ed580000)
  to   space 5120K, 0% used [0x00000000ecb80000,0x00000000ecb80000,0x00000000ed080000)
 ParOldGen       total 87552K, used 16K [0x00000000c0000000, 0x00000000c5580000, 0x00000000eab00000)
  object space 87552K, 0% used [0x00000000c0000000,0x00000000c0004000,0x00000000c5580000)
 Metaspace       used 9339K, capacity 9672K, committed 9856K, reserved 1058816K
  class space    used 1291K, capacity 1392K, committed 1408K, reserved 1048576K
}
Event: 2.636 GC heap before
{Heap before GC invocations=3 (full 0):
 PSYoungGen      total 38400K, used 38305K [0x00000000eab00000, 0x00000000ef600000, 0x0000000100000000)
  eden space 33280K, 100% used [0x00000000eab00000,0x00000000ecb80000,0x00000000ecb80000)
  from space 5120K, 98% used [0x00000000ed080000,0x00000000ed5685d8,0x00000000ed580000)
  to   space 5120K, 0% used [0x00000000ecb80000,0x00000000ecb80000,0x00000000ed080000)
 ParOldGen       total 87552K, used 16K [0x00000000c0000000, 0x00000000c5580000, 0x00000000eab00000)
  object space 87552K, 0% used [0x00000000c0000000,0x00000000c0004000,0x00000000c5580000)
 Metaspace       used 13374K, capacity 13732K, committed 13952K, reserved 1060864K
  class space    used 1937K, capacity 2068K, committed 2176K, reserved 1048576K
Event: 2.643 GC heap after
Heap after GC invocations=3 (full 0):
 PSYoungGen      total 38400K, used 5088K [0x00000000eab00000, 0x00000000ed580000, 0x0000000100000000)
  eden space 33280K, 0% used [0x00000000eab00000,0x00000000eab00000,0x00000000ecb80000)
  from space 5120K, 99% used [0x00000000ecb80000,0x00000000ed078020,0x00000000ed080000)
  to   space 5120K, 0% used [0x00000000ed080000,0x00000000ed080000,0x00000000ed580000)
 ParOldGen       total 87552K, used 1926K [0x00000000c0000000, 0x00000000c5580000, 0x00000000eab00000)
  object space 87552K, 2% used [0x00000000c0000000,0x00000000c01e1be0,0x00000000c5580000)
 Metaspace       used 13374K, capacity 13732K, committed 13952K, reserved 1060864K
  class space    used 1937K, capacity 2068K, committed 2176K, reserved 1048576K
}
Event: 2.989 GC heap before
{Heap before GC invocations=4 (full 0):
 PSYoungGen      total 38400K, used 38368K [0x00000000eab00000, 0x00000000ed580000, 0x0000000100000000)
  eden space 33280K, 100% used [0x00000000eab00000,0x00000000ecb80000,0x00000000ecb80000)
  from space 5120K, 99% used [0x00000000ecb80000,0x00000000ed078020,0x00000000ed080000)
  to   space 5120K, 0% used [0x00000000ed080000,0x00000000ed080000,0x00000000ed580000)
 ParOldGen       total 87552K, used 1926K [0x00000000c0000000, 0x00000000c5580000, 0x00000000eab00000)
  object space 87552K, 2% used [0x00000000c0000000,0x00000000c01e1be0,0x00000000c5580000)
 Metaspace       used 16510K, capacity 16948K, committed 17280K, reserved 1064960K
  class space    used 2444K, capacity 2590K, committed 2688K, reserved 1048576K
Event: 3.003 GC heap after
Heap after GC invocations=4 (full 0):
 PSYoungGen      total 38400K, used 5088K [0x00000000eab00000, 0x00000000ed580000, 0x0000000100000000)
  eden space 33280K, 0% used [0x00000000eab00000,0x00000000eab00000,0x00000000ecb80000)
  from space 5120K, 99% used [0x00000000ed080000,0x00000000ed578040,0x00000000ed580000)
  to   space 5120K, 0% used [0x00000000ecb80000,0x00000000ecb80000,0x00000000ed080000)
 ParOldGen       total 87552K, used 5031K [0x00000000c0000000, 0x00000000c5580000, 0x00000000eab00000)
  object space 87552K, 5% used [0x00000000c0000000,0x00000000c04e9ea8,0x00000000c5580000)
 Metaspace       used 16510K, capacity 16948K, committed 17280K, reserved 1064960K
  class space    used 2444K, capacity 2590K, committed 2688K, reserved 1048576K
}

Deoptimization events (10 events):
Event: 2.447 Thread 0x00000000189d9800 Uncommon trap: reason=class_check action=maybe_recompile pc=0x00000000035a6d94 method=java.util.HashMap.putVal(ILjava/lang/Object;Ljava/lang/Object;ZZ)Ljava/lang/Object; @ 203
Event: 2.674 Thread 0x00000000189d9800 Uncommon trap: reason=class_check action=maybe_recompile pc=0x00000000035d0b44 method=java.util.regex.Matcher.match(II)Z @ 86
Event: 2.684 Thread 0x00000000189d9800 Uncommon trap: reason=class_check action=maybe_recompile pc=0x00000000035d0b44 method=java.util.regex.Matcher.match(II)Z @ 86
Event: 2.685 Thread 0x00000000189d9800 Uncommon trap: reason=class_check action=maybe_recompile pc=0x00000000035d0b44 method=java.util.regex.Matcher.match(II)Z @ 86
Event: 2.685 Thread 0x00000000189d9800 Uncommon trap: reason=class_check action=maybe_recompile pc=0x000000000359e41c method=java.util.regex.Matcher.match(II)Z @ 86
Event: 2.765 Thread 0x00000000189d9800 Uncommon trap: reason=unstable_if action=reinterpret pc=0x000000000372e634 method=java.lang.String.lastIndexOf([CII[CIII)I @ 66
Event: 3.039 Thread 0x00000000189d9800 Uncommon trap: reason=unstable_if action=reinterpret pc=0x0000000003482308 method=java.net.URI.match(CJJ)Z @ 19
Event: 3.039 Thread 0x00000000189d9800 Uncommon trap: reason=unstable_if action=reinterpret pc=0x0000000003571b80 method=java.net.URI.match(CJJ)Z @ 19
Event: 3.039 Thread 0x00000000189d9800 Uncommon trap: reason=unstable_if action=reinterpret pc=0x0000000003480ac8 method=java.net.URI.match(CJJ)Z @ 19
Event: 3.077 Thread 0x00000000189d9800 Uncommon trap: reason=unstable_if action=reinterpret pc=0x00000000035d8430 method=java.io.File.getName()Ljava/lang/String; @ 16

Internal exceptions (10 events):
Event: 0.428 Thread 0x00000000030fe000 Exception <a 'java/lang/ArrayIndexOutOfBoundsException'> (0x00000000eba5d0d0) thrown at [C:\re\workspace\8-2-build-windows-amd64-cygwin\jdk8u144\9417\hotspot\src\share\vm\runtime\sharedRuntime.cpp, line 605]
Event: 0.428 Thread 0x00000000030fe000 Exception <a 'java/lang/ArrayIndexOutOfBoundsException'> (0x00000000eba69580) thrown at [C:\re\workspace\8-2-build-windows-amd64-cygwin\jdk8u144\9417\hotspot\src\share\vm\runtime\sharedRuntime.cpp, line 605]
Event: 0.428 Thread 0x00000000030fe000 Exception <a 'java/lang/ArrayIndexOutOfBoundsException'> (0x00000000eba6b6c0) thrown at [C:\re\workspace\8-2-build-windows-amd64-cygwin\jdk8u144\9417\hotspot\src\share\vm\runtime\sharedRuntime.cpp, line 605]
Event: 0.429 Thread 0x00000000030fe000 Exception <a 'java/lang/ArrayIndexOutOfBoundsException'> (0x00000000eba7fef8) thrown at [C:\re\workspace\8-2-build-windows-amd64-cygwin\jdk8u144\9417\hotspot\src\share\vm\runtime\sharedRuntime.cpp, line 605]
Event: 0.430 Thread 0x00000000030fe000 Exception <a 'java/lang/ArrayIndexOutOfBoundsException'> (0x00000000eba8b498) thrown at [C:\re\workspace\8-2-build-windows-amd64-cygwin\jdk8u144\9417\hotspot\src\share\vm\runtime\sharedRuntime.cpp, line 605]
Event: 0.430 Thread 0x00000000030fe000 Exception <a 'java/lang/ArrayIndexOutOfBoundsException'> (0x00000000eba979e8) thrown at [C:\re\workspace\8-2-build-windows-amd64-cygwin\jdk8u144\9417\hotspot\src\share\vm\runtime\sharedRuntime.cpp, line 605]
Event: 0.430 Thread 0x00000000030fe000 Exception <a 'java/lang/ArrayIndexOutOfBoundsException'> (0x00000000eba99730) thrown at [C:\re\workspace\8-2-build-windows-amd64-cygwin\jdk8u144\9417\hotspot\src\share\vm\runtime\sharedRuntime.cpp, line 605]
Event: 0.930 Thread 0x00000000030fe000 Exception <a 'java/lang/NoSuchFieldError': method resolution failed> (0x00000000ec719c08) thrown at [C:\re\workspace\8-2-build-windows-amd64-cygwin\jdk8u144\9417\hotspot\src\share\vm\prims\methodHandles.cpp, line 1146]
Event: 0.932 Thread 0x00000000030fe000 Exception <a 'java/lang/NoSuchFieldError': method resolution failed> (0x00000000ec7279c8) thrown at [C:\re\workspace\8-2-build-windows-amd64-cygwin\jdk8u144\9417\hotspot\src\share\vm\prims\methodHandles.cpp, line 1146]
Event: 2.394 Thread 0x00000000030fe000 Exception <a 'java/io/IOException'> (0x00000000eaebe370) thrown at [C:\re\workspace\8-2-build-windows-amd64-cygwin\jdk8u144\9417\hotspot\src\share\vm\prims\jni.cpp, line 709]

Events (10 events):
Event: 3.204 loading class org/codehaus/groovy/util/AbstractConcurrentMapBase$Entry
Event: 3.204 loading class org/codehaus/groovy/util/AbstractConcurrentMapBase$Entry done
Event: 3.205 loading class org/codehaus/groovy/reflection/ClassInfo$GlobalClassSet
Event: 3.205 loading class org/codehaus/groovy/reflection/ClassInfo$GlobalClassSet done
Event: 3.205 loading class org/codehaus/groovy/reflection/GroovyClassValuePreJava7$EntryWithValue
Event: 3.205 loading class org/codehaus/groovy/reflection/GroovyClassValuePreJava7$EntryWithValue done
Event: 3.206 loading class org/codehaus/groovy/util/ManagedConcurrentMap$EntryWithValue
Event: 3.206 loading class org/codehaus/groovy/util/ManagedConcurrentMap$EntryWithValue done
Event: 3.206 loading class org/codehaus/groovy/util/ManagedConcurrentMap$Entry
Event: 3.206 loading class org/codehaus/groovy/util/ManagedConcurrentMap$Entry done


Dynamic libraries:
0x00007ff7c4680000 - 0x00007ff7c46b7000 	C:\Program Files\Java\jdk1.8.0_144\bin\java.exe
0x00007fff3e460000 - 0x00007fff3e650000 	C:\WINDOWS\SYSTEM32\ntdll.dll
0x00007fff3c6c0000 - 0x00007fff3c772000 	C:\WINDOWS\System32\KERNEL32.DLL
0x00007fff3c1f0000 - 0x00007fff3c493000 	C:\WINDOWS\System32\KERNELBASE.dll
0x00007fff3d4a0000 - 0x00007fff3d543000 	C:\WINDOWS\System32\ADVAPI32.dll
0x00007fff3e0d0000 - 0x00007fff3e16e000 	C:\WINDOWS\System32\msvcrt.dll
0x00007fff3e350000 - 0x00007fff3e3e7000 	C:\WINDOWS\System32\sechost.dll
0x00007fff3d380000 - 0x00007fff3d4a0000 	C:\WINDOWS\System32\RPCRT4.dll
0x00007fff3d180000 - 0x00007fff3d313000 	C:\WINDOWS\System32\USER32.dll
0x00007fff3b890000 - 0x00007fff3b8b1000 	C:\WINDOWS\System32\win32u.dll
0x00007fff3c5c0000 - 0x00007fff3c5e6000 	C:\WINDOWS\System32\GDI32.dll
0x00007fff3b6f0000 - 0x00007fff3b884000 	C:\WINDOWS\System32\gdi32full.dll
0x00007fff3b650000 - 0x00007fff3b6ee000 	C:\WINDOWS\System32\msvcp_win.dll
0x00007fff3c0f0000 - 0x00007fff3c1ea000 	C:\WINDOWS\System32\ucrtbase.dll
0x00007fff2e270000 - 0x00007fff2e4f5000 	C:\WINDOWS\WinSxS\amd64_microsoft.windows.common-controls_6595b64144ccf1df_6.0.18362.175_none_e6c3ab1f131014c9\COMCTL32.dll
0x00007fff3c850000 - 0x00007fff3cb86000 	C:\WINDOWS\System32\combase.dll
0x00007fff3b3c0000 - 0x00007fff3b441000 	C:\WINDOWS\System32\bcryptPrimitives.dll
0x00007fff3d850000 - 0x00007fff3d87e000 	C:\WINDOWS\System32\IMM32.DLL
0x0000000054260000 - 0x0000000054332000 	C:\Program Files\Java\jdk1.8.0_144\jre\bin\msvcr100.dll
0x00000000539c0000 - 0x000000005425d000 	C:\Program Files\Java\jdk1.8.0_144\jre\bin\server\jvm.dll
0x00007fff3d550000 - 0x00007fff3d558000 	C:\WINDOWS\System32\PSAPI.DLL
0x00007fff332e0000 - 0x00007fff33304000 	C:\WINDOWS\SYSTEM32\WINMM.dll
0x00007fff36370000 - 0x00007fff36379000 	C:\WINDOWS\SYSTEM32\WSOCK32.dll
0x00007fff35870000 - 0x00007fff3587a000 	C:\WINDOWS\SYSTEM32\VERSION.dll
0x00007fff3cca0000 - 0x00007fff3cd0f000 	C:\WINDOWS\System32\WS2_32.dll
0x00007fff332b0000 - 0x00007fff332dd000 	C:\WINDOWS\SYSTEM32\winmmbase.dll
0x00007fff3c4a0000 - 0x00007fff3c4ea000 	C:\WINDOWS\System32\cfgmgr32.dll
0x0000000056d00000 - 0x0000000056d0f000 	C:\Program Files\Java\jdk1.8.0_144\jre\bin\verify.dll
0x0000000056cd0000 - 0x0000000056cf9000 	C:\Program Files\Java\jdk1.8.0_144\jre\bin\java.dll
0x0000000056cb0000 - 0x0000000056cc6000 	C:\Program Files\Java\jdk1.8.0_144\jre\bin\zip.dll
0x00007fff3d9f0000 - 0x00007fff3e0d0000 	C:\WINDOWS\System32\SHELL32.dll
0x00007fff3c510000 - 0x00007fff3c5b9000 	C:\WINDOWS\System32\shcore.dll
0x00007fff3b970000 - 0x00007fff3c0eb000 	C:\WINDOWS\System32\windows.storage.dll
0x00007fff3b380000 - 0x00007fff3b39f000 	C:\WINDOWS\System32\profapi.dll
0x00007fff3b330000 - 0x00007fff3b37a000 	C:\WINDOWS\System32\powrprof.dll
0x00007fff3b300000 - 0x00007fff3b310000 	C:\WINDOWS\System32\UMPDC.dll
0x00007fff3e1d0000 - 0x00007fff3e222000 	C:\WINDOWS\System32\shlwapi.dll
0x00007fff3b3a0000 - 0x00007fff3b3b1000 	C:\WINDOWS\System32\kernel.appcore.dll
0x00007fff3b5a0000 - 0x00007fff3b5b7000 	C:\WINDOWS\System32\cryptsp.dll
0x0000000056c90000 - 0x0000000056caa000 	C:\Program Files\Java\jdk1.8.0_144\jre\bin\net.dll
0x00007fff3ab70000 - 0x00007fff3abd7000 	C:\WINDOWS\system32\mswsock.dll
0x0000000056c70000 - 0x0000000056c81000 	C:\Program Files\Java\jdk1.8.0_144\jre\bin\nio.dll
0x00007fff32e60000 - 0x00007fff32e7e000 	C:\Users\Max\.gradle\native\25\windows-amd64\native-platform.dll
0x0000000056c60000 - 0x0000000056c6d000 	C:\Program Files\Java\jdk1.8.0_144\jre\bin\management.dll
0x00007fff3a730000 - 0x00007fff3a763000 	C:\WINDOWS\system32\rsaenh.dll
0x00007fff3b5c0000 - 0x00007fff3b5e6000 	C:\WINDOWS\System32\bcrypt.dll
0x00007fff3b1f0000 - 0x00007fff3b215000 	C:\WINDOWS\SYSTEM32\USERENV.dll
0x00007fff3ad40000 - 0x00007fff3ad4c000 	C:\WINDOWS\SYSTEM32\CRYPTBASE.dll
0x00007fff3a8d0000 - 0x00007fff3a90a000 	C:\WINDOWS\SYSTEM32\IPHLPAPI.DLL
0x00007fff3d9e0000 - 0x00007fff3d9e8000 	C:\WINDOWS\System32\NSI.dll
0x00007fff37170000 - 0x00007fff37186000 	C:\WINDOWS\SYSTEM32\dhcpcsvc6.DLL
0x00007fff376a0000 - 0x00007fff376bc000 	C:\WINDOWS\SYSTEM32\dhcpcsvc.DLL
0x00007fff3a910000 - 0x00007fff3a9da000 	C:\WINDOWS\SYSTEM32\DNSAPI.dll

VM Arguments:
jvm_args: -XX:+HeapDumpOnOutOfMemoryError -Xmx1024m -Dfile.encoding=windows-1252 -Duser.country=BR -Duser.language=pt -Duser.variant 
java_command: org.gradle.launcher.daemon.bootstrap.GradleDaemon 4.10.2
java_class_path (initial): C:\Users\Max\.gradle\wrapper\dists\gradle-4.10.2-all\9fahxiiecdb76a5g3aw9oi8rv\gradle-4.10.2\lib\gradle-launcher-4.10.2.jar
Launcher Type: SUN_STANDARD

Environment Variables:
JAVA_HOME=C:\Program Files\Java\jdk1.8.0_144
CLASSPATH=C:\Users\Max\Desktop\curso-react-native\exercicios\android\\gradle\wrapper\gradle-wrapper.jar
PATH=C:\ProgramData\Oracle\Java\javapath;C:\Program Files (x86)\Intel\iCLS Client\;C:\Program Files\Intel\iCLS Client\;C:\Windows\system32;C:\Windows;C:\Windows\System32\Wbem;C:\Windows\System32\WindowsPowerShell\v1.0\;C:\Program Files (x86)\Intel\Intel(R) Management Engine Components\DAL;C:\Program Files\Intel\Intel(R) Management Engine Components\DAL;C:\Program Files (x86)\Intel\Intel(R) Management Engine Components\IPT;C:\Program Files\Intel\Intel(R) Management Engine Components\IPT;C:\Program Files (x86)\NVIDIA Corporation\PhysX\Common;C:\WINDOWS\system32;C:\WINDOWS;C:\WINDOWS\System32\Wbem;C:\WINDOWS\System32\WindowsPowerShell\v1.0\;C:\Program Files\Java\jdk1.8.0_144\bin;C:\Program Files\Git\cmd;C:\WINDOWS\System32\OpenSSH\;C:\Program Files\Maven\apache-maven-3.5.4\bin;C:\Program Files\Jboss Forge\forge-distribution-3.4.0.Final\bin;C:\Program Files\nodejs\;C:\Program Files (x86)\Yarn\bin\;C:\Users\Max\AppData\Local\Programs\Python\Python37-32\Scripts\;C:\Users\Max\AppData\Local\Programs\Python\Python37-32\;C:\Users\Max\AppData\Local\Microsoft\WindowsApps;C:\Program Files\Microsoft VS Code\bin;C:\Users\Max\AppData\Roaming\npm;C:\Users\Max\AppData\Local\Programs\Microsoft VS Code\bin;C:\Users\Max\AppData\Local\Android\Sdk\emulator;C:\Users\Max\AppData\Local\Android\Sdk\tools;C:\Users\Max\AppData\Local\Android\Sdk\tools\bin;C:\Users\Max\AppData\Local\Android\Sdk\platform-tools;C:\Users\Max\AppData\Local\Yarn\bin;
USERNAME=Max
OS=Windows_NT
PROCESSOR_IDENTIFIER=Intel64 Family 6 Model 78 Stepping 3, GenuineIntel



---------------  S Y S T E M  ---------------

OS: Windows 10.0 , 64 bit Build 18362 (10.0.18362.86)

CPU:total 4 (initial active 4) (2 cores per cpu, 2 threads per core) family 6 model 78 stepping 3, cmov, cx8, fxsr, mmx, sse, sse2, sse3, ssse3, sse4.1, sse4.2, popcnt, avx, avx2, aes, clmul, erms, 3dnowpref, lzcnt, ht, tsc, tscinvbit, bmi1, bmi2, adx

Memory: 4k page, physical 8292256k(1217356k free), swap 8292256k(4912k free)

vm_info: Java HotSpot(TM) 64-Bit Server VM (25.144-b01) for windows-amd64 JRE (1.8.0_144-b01), built on Jul 21 2017 21:57:33 by "java_re" with MS VC++ 10.0 (VS2010)

time: Sat Jun 22 13:19:29 2019
elapsed time: 3 seconds (0d 0h 0m 3s)

